<!DOCTYPE html PUBLIC "-//W3C//DTD XHTML 1.1//EN" "https://www.w3.org/TR/xhtml11/DTD/xhtml11.dtd">
<html xmlns="https://www.w3.org/1999/xhtml">
<head>
<meta http-equiv="content-type" content="text/html; charset=UTF-8"/>
<title>TestNG Report</title>
<style type="text/css">table {margin-bottom:10px;border-collapse:collapse;empty-cells:show}th,td {border:1px solid #009;padding:.25em .5em}th {vertical-align:bottom}td {vertical-align:top}table a {font-weight:bold}.stripe td {background-color: #E6EBF9}.num {text-align:right}.passedodd td {background-color: #3F3}.passedeven td {background-color: #0A0}.skippedodd td {background-color: #DDD}.skippedeven td {background-color: #CCC}.failedodd td,.attn {background-color: #F33}.failedeven td,.stripe .attn {background-color: #D00}.stacktrace {white-space:pre;font-family:monospace}.totop {font-size:85%;text-align:center;border-bottom:2px solid #000}.invisible {display:none}</style>
</head>
<body>
<table>
<tr><th>Test</th><th># Passed</th><th># Skipped</th><th># Retried</th><th># Failed</th><th>Time (ms)</th><th>Included Groups</th><th>Excluded Groups</th></tr>
<tr><th colspan="8">OrangeHRMSuite</th></tr>
<tr><td><a href="#t0">ChromeTest</a></td><td class="num">0</td><td class="num attn">2</td><td class="num">0</td><td class="num">0</td><td class="num">164</td><td></td><td></td></tr>
<tr class="stripe"><td><a href="#t1">MicrosoftTest</a></td><td class="num">0</td><td class="num attn">2</td><td class="num">0</td><td class="num">0</td><td class="num">61</td><td></td><td></td></tr>
<tr><th>Total</th><th class="num">0</th><th class="num attn">4</th><th class="num">0</th><th class="num">0</th><th class="num">225</th><th colspan="2"></th></tr>
</table>
<table id='summary'><thead><tr><th>Class</th><th>Method</th><th>Start</th><th>Time (ms)</th></tr></thead><tbody><tr><th colspan="4">OrangeHRMSuite</th></tr></tbody><tbody id="t0"><tr><th colspan="4">ChromeTest &#8212; failed (configuration methods)</th></tr><tr class="failedeven"><td rowspan="1">tests.Gyama</td><td><a href="#m0">launchBrowser</a></td><td rowspan="1">1653880911024</td><td rowspan="1">39</td></tr><tr><th colspan="4">ChromeTest &#8212; skipped (configuration methods)</th></tr><tr class="skippedeven"><td rowspan="7">tests.Gyama</td><td><a href="#m1">LaunchBrowser</a></td><td rowspan="1">1653880911123</td><td rowspan="1">-1653880911123</td></tr><tr class="skippedeven"><td><a href="#m2">clearPOMobject</a></td><td rowspan="1">1653880911164</td><td rowspan="1">-1653880911164</td></tr><tr class="skippedeven"><td><a href="#m3">closeBrowser</a></td><td rowspan="1">1653880911174</td><td rowspan="1">-1653880911174</td></tr><tr class="skippedeven"><td><a href="#m4">loginToOrangeHRM</a></td><td rowspan="2">1653880911148</td><td rowspan="2">-1653880911148</td></tr><tr class="skippedeven"><td><a href="#m5">loginToOrangeHRM</a></td></tr><tr class="skippedeven"><td><a href="#m6">logoutFromOrangeHRM</a></td><td rowspan="2">1653880911145</td><td rowspan="2">-1653880911145</td></tr><tr class="skippedeven"><td><a href="#m7">logoutFromOrangeHRM</a></td></tr><tr><th colspan="4">ChromeTest &#8212; skipped</th></tr><tr class="skippedeven"><td rowspan="2">tests.Gyama</td><td><a href="#m8">verifyAdmin</a></td><td rowspan="1">1653880911138</td><td rowspan="1">0</td></tr><tr class="skippedeven"><td><a href="#m9">verifyRecruitmentTab</a></td><td rowspan="1">1653880911151</td><td rowspan="1">0</td></tr></tbody>
<tbody id="t1"><tr><th colspan="4">MicrosoftTest &#8212; failed (configuration methods)</th></tr><tr class="failedeven"><td rowspan="1">tests.Gyama</td><td><a href="#m10">launchBrowser</a></td><td rowspan="1">1653880911275</td><td rowspan="1">-1653880911275</td></tr><tr><th colspan="4">MicrosoftTest &#8212; skipped (configuration methods)</th></tr><tr class="skippedeven"><td rowspan="7">tests.Gyama</td><td><a href="#m11">LaunchBrowser</a></td><td rowspan="1">1653880911282</td><td rowspan="1">-1653880911282</td></tr><tr class="skippedeven"><td><a href="#m12">clearPOMobject</a></td><td rowspan="1">1653880911325</td><td rowspan="1">-1653880911325</td></tr><tr class="skippedeven"><td><a href="#m13">closeBrowser</a></td><td rowspan="1">1653880911328</td><td rowspan="1">-1653880911328</td></tr><tr class="skippedeven"><td><a href="#m14">loginToOrangeHRM</a></td><td rowspan="2">1653880911307</td><td rowspan="2">-1653880911307</td></tr><tr class="skippedeven"><td><a href="#m15">loginToOrangeHRM</a></td></tr><tr class="skippedeven"><td><a href="#m16">logoutFromOrangeHRM</a></td><td rowspan="2">1653880911321</td><td rowspan="2">-1653880911321</td></tr><tr class="skippedeven"><td><a href="#m17">logoutFromOrangeHRM</a></td></tr><tr><th colspan="4">MicrosoftTest &#8212; skipped</th></tr><tr class="skippedeven"><td rowspan="2">tests.Gyama</td><td><a href="#m18">verifyAdmin</a></td><td rowspan="1">1653880911291</td><td rowspan="1">0</td></tr><tr class="skippedeven"><td><a href="#m19">verifyRecruitmentTab</a></td><td rowspan="1">1653880911312</td><td rowspan="1">0</td></tr></tbody>
</table>
<h2>ChromeTest</h2><h3 id="m0">tests.Gyama#launchBrowser</h3><table class="result"><tr class="param"><th>Parameter #1</th></tr><tr class="param stripe"><td>ChromeSetting</td></tr><tr><th>Exception</th></tr><tr><td><div class="stacktrace">java.lang.NullPointerException: Cannot invoke &quot;org.openqa.selenium.WebDriver.manage()&quot; because &quot;this.driver&quot; is null
	at tests.Gyama.launchBrowser(Gyama.java:44)
... Removed 24 stack frames</div></td></tr></table><p class="totop"><a href="#summary">back to summary</a></p>
<h3 id="m1">tests.Gyama#LaunchBrowser</h3><table class="result"><tr><th class="invisible"/></tr></table><p class="totop"><a href="#summary">back to summary</a></p>
<h3 id="m2">tests.Gyama#clearPOMobject</h3><table class="result"><tr><th class="invisible"/></tr></table><p class="totop"><a href="#summary">back to summary</a></p>
<h3 id="m3">tests.Gyama#closeBrowser</h3><table class="result"><tr><th class="invisible"/></tr></table><p class="totop"><a href="#summary">back to summary</a></p>
<h3 id="m4">tests.Gyama#loginToOrangeHRM</h3><table class="result"><tr><th class="invisible"/></tr></table><p class="totop"><a href="#summary">back to summary</a></p>
<h3 id="m5">tests.Gyama#loginToOrangeHRM</h3><table class="result"><tr><th class="invisible"/></tr></table><p class="totop"><a href="#summary">back to summary</a></p>
<h3 id="m6">tests.Gyama#logoutFromOrangeHRM</h3><table class="result"><tr><th class="invisible"/></tr></table><p class="totop"><a href="#summary">back to summary</a></p>
<h3 id="m7">tests.Gyama#logoutFromOrangeHRM</h3><table class="result"><tr><th class="invisible"/></tr></table><p class="totop"><a href="#summary">back to summary</a></p>
<h3 id="m8">tests.Gyama#verifyAdmin</h3><table class="result"><tr><th>Exception</th></tr><tr><td><div class="stacktrace">java.lang.NullPointerException: Cannot invoke &quot;org.openqa.selenium.WebDriver.manage()&quot; because &quot;this.driver&quot; is null
	at tests.Gyama.launchBrowser(Gyama.java:44)
... Removed 24 stack frames</div></td></tr></table><p class="totop"><a href="#summary">back to summary</a></p>
<h3 id="m9">tests.Gyama#verifyRecruitmentTab</h3><table class="result"><tr><th>Exception</th></tr><tr><td><div class="stacktrace">java.lang.NullPointerException: Cannot invoke &quot;org.openqa.selenium.WebDriver.manage()&quot; because &quot;this.driver&quot; is null
	at tests.Gyama.launchBrowser(Gyama.java:44)
... Removed 24 stack frames</div></td></tr></table><p class="totop"><a href="#summary">back to summary</a></p>
<h2>MicrosoftTest</h2><h3 id="m10">tests.Gyama#launchBrowser</h3><table class="result"><tr><th>Exception</th></tr><tr><td><div class="stacktrace">org.testng.TestNGException: 
Parameter &apos;browser&apos; is required by BeforeTest on method launchBrowser but has not been marked @Optional or defined
in D:\Eclipse\TestingNewProject2\sit.xml
... Removed 21 stack frames</div></td></tr></table><p class="totop"><a href="#summary">back to summary</a></p>
<h3 id="m11">tests.Gyama#LaunchBrowser</h3><table class="result"><tr><th class="invisible"/></tr></table><p class="totop"><a href="#summary">back to summary</a></p>
<h3 id="m12">tests.Gyama#clearPOMobject</h3><table class="result"><tr><th class="invisible"/></tr></table><p class="totop"><a href="#summary">back to summary</a></p>
<h3 id="m13">tests.Gyama#closeBrowser</h3><table class="result"><tr><th class="invisible"/></tr></table><p class="totop"><a href="#summary">back to summary</a></p>
<h3 id="m14">tests.Gyama#loginToOrangeHRM</h3><table class="result"><tr><th class="invisible"/></tr></table><p class="totop"><a href="#summary">back to summary</a></p>
<h3 id="m15">tests.Gyama#loginToOrangeHRM</h3><table class="result"><tr><th class="invisible"/></tr></table><p class="totop"><a href="#summary">back to summary</a></p>
<h3 id="m16">tests.Gyama#logoutFromOrangeHRM</h3><table class="result"><tr><th class="invisible"/></tr></table><p class="totop"><a href="#summary">back to summary</a></p>
<h3 id="m17">tests.Gyama#logoutFromOrangeHRM</h3><table class="result"><tr><th class="invisible"/></tr></table><p class="totop"><a href="#summary">back to summary</a></p>
<h3 id="m18">tests.Gyama#verifyAdmin</h3><table class="result"><tr><th>Exception</th></tr><tr><td><div class="stacktrace">org.testng.TestNGException: 
Parameter &apos;browser&apos; is required by BeforeTest on method launchBrowser but has not been marked @Optional or defined
in D:\Eclipse\TestingNewProject2\sit.xml
... Removed 21 stack frames</div></td></tr></table><p class="totop"><a href="#summary">back to summary</a></p>
<h3 id="m19">tests.Gyama#verifyRecruitmentTab</h3><table class="result"><tr><th>Exception</th></tr><tr><td><div class="stacktrace">org.testng.TestNGException: 
Parameter &apos;browser&apos; is required by BeforeTest on method launchBrowser but has not been marked @Optional or defined
in D:\Eclipse\TestingNewProject2\sit.xml
... Removed 21 stack frames</div></td></tr></table><p class="totop"><a href="#summary">back to summary</a></p>
</body>
</html>
