<?xml version="1.0" encoding="UTF-8"?>
<!-- Generated by org.testng.reporters.JUnitXMLReporter -->
<testsuite ignored="0" hostname="LAPTOP-C9C6UIT0" failures="0" tests="2" name="MicrosoftedgeTest" time="0.071" errors="0" timestamp="2022-05-30T08:49:21 IST">
  <testcase classname="tests.Gyama" name="@BeforeTest launchBrowser" time="-1.6538807615E9">
    <failure type="org.testng.TestNGException" message="
Parameter &amp;apos;browser&amp;apos; is required by BeforeTest on method launchBrowser but has not been marked @Optional or defined
in D:\Eclipse\TestingNewProject2\sit.xml">
      <![CDATA[org.testng.TestNGException: 
Parameter 'browser' is required by BeforeTest on method launchBrowser but has not been marked @Optional or defined
in D:\Eclipse\TestingNewProject2\sit.xml
... Removed 21 stack frames]]>
    </failure>
  </testcase> <!-- @BeforeTest launchBrowser -->
  <testcase classname="tests.Gyama" name="@BeforeClass LaunchBrowser" time="-1.653880761507E9">
    <skipped/>
  </testcase> <!-- @BeforeClass LaunchBrowser -->
  <testcase classname="tests.Gyama" name="@BeforeMethod loginToOrangeHRM" time="-1.653880761511E9">
    <skipped/>
  </testcase> <!-- @BeforeMethod loginToOrangeHRM -->
  <testcase classname="tests.Gyama" name="@AfterMethod logoutFromOrangeHRM" time="-1.653880761523E9">
    <skipped/>
  </testcase> <!-- @AfterMethod logoutFromOrangeHRM -->
  <testcase classname="tests.Gyama" name="@BeforeMethod loginToOrangeHRM" time="-1.65388076154E9">
    <skipped/>
  </testcase> <!-- @BeforeMethod loginToOrangeHRM -->
  <testcase classname="tests.Gyama" name="@AfterMethod logoutFromOrangeHRM" time="-1.653880761559E9">
    <skipped/>
  </testcase> <!-- @AfterMethod logoutFromOrangeHRM -->
  <testcase classname="tests.Gyama" name="@AfterClass clearPOMobject" time="-1.653880761561E9">
    <skipped/>
  </testcase> <!-- @AfterClass clearPOMobject -->
  <testcase classname="tests.Gyama" name="@AfterTest closeBrowser" time="-1.653880761566E9">
    <skipped/>
  </testcase> <!-- @AfterTest closeBrowser -->
  <testcase classname="tests.Gyama" name="verifyAdmin" time="0.0">
    <skipped/>
  </testcase> <!-- verifyAdmin -->
  <testcase classname="tests.Gyama" name="verifyRecruitmentTab" time="0.0">
    <skipped/>
  </testcase> <!-- verifyRecruitmentTab -->
</testsuite> <!-- MicrosoftedgeTest -->
