<?xml version="1.0" encoding="UTF-8"?>
<!-- Generated by org.testng.reporters.JUnitXMLReporter -->
<testsuite ignored="0" hostname="LAPTOP-C9C6UIT0" failures="0" tests="2" name="OrangeHRMTest" time="0.08" errors="0" timestamp="2022-05-30T08:36:55 IST">
  <testcase classname="tests.Gyama" name="@BeforeTest launchBrowser" time="-1.653880014981E9">
    <failure type="org.testng.TestNGException" message="
Parameter &amp;apos;browser&amp;apos; is required by BeforeTest on method launchBrowser but has not been marked @Optional or defined
in D:\Eclipse\TestingNewProject2\sit.xml">
      <![CDATA[org.testng.TestNGException: 
Parameter 'browser' is required by BeforeTest on method launchBrowser but has not been marked @Optional or defined
in D:\Eclipse\TestingNewProject2\sit.xml
... Removed 21 stack frames]]>
    </failure>
  </testcase> <!-- @BeforeTest launchBrowser -->
  <testcase classname="tests.Gyama" name="@BeforeClass LaunchBrowser" time="-1.653880015017E9">
    <skipped/>
  </testcase> <!-- @BeforeClass LaunchBrowser -->
  <testcase classname="tests.Gyama" name="@BeforeMethod loginToOrangeHRM" time="-1.653880015033E9">
    <skipped/>
  </testcase> <!-- @BeforeMethod loginToOrangeHRM -->
  <testcase classname="tests.Gyama" name="@AfterMethod logoutFromOrangeHRM" time="-1.653880015042E9">
    <skipped/>
  </testcase> <!-- @AfterMethod logoutFromOrangeHRM -->
  <testcase classname="tests.Gyama" name="@BeforeMethod loginToOrangeHRM" time="-1.653880015044E9">
    <skipped/>
  </testcase> <!-- @BeforeMethod loginToOrangeHRM -->
  <testcase classname="tests.Gyama" name="@AfterMethod logoutFromOrangeHRM" time="-1.653880015049E9">
    <skipped/>
  </testcase> <!-- @AfterMethod logoutFromOrangeHRM -->
  <testcase classname="tests.Gyama" name="@AfterClass clearPOMobject" time="-1.653880015051E9">
    <skipped/>
  </testcase> <!-- @AfterClass clearPOMobject -->
  <testcase classname="tests.Gyama" name="@AfterTest closeBrowser" time="-1.653880015054E9">
    <skipped/>
  </testcase> <!-- @AfterTest closeBrowser -->
  <testcase classname="tests.Gyama" name="verifyAdmin" time="0.0">
    <skipped/>
  </testcase> <!-- verifyAdmin -->
  <testcase classname="tests.Gyama" name="verifyRecruitmentTab" time="0.0">
    <skipped/>
  </testcase> <!-- verifyRecruitmentTab -->
</testsuite> <!-- OrangeHRMTest -->
